INFO:root:{"dispenser": red, "time" : 0, "fill_level_grams : 190.24905666754253"}
INFO:root:{"dispenser": red, "time" : 0, "fill_level_grams : 190.09922225686591"}
INFO:root:{"dispenser": red, "time" : 0, "fill_level_grams : 190.7480738658607"}
INFO:root:{"dispenser": red, "time" : 22, "fill_level_grams : 181.07421192376853"}
INFO:root:{"dispenser": blue, "time" : 22, "fill_level_grams : 180.0091434638618"}
INFO:root:{"dispenser": red, "time" : 44, "fill_level_grams : 170.92966658048468"}
INFO:root:{"dispenser": blue, "time" : 44, "fill_level_grams : 159.77582560119328"}
INFO:root:{"dispenser": green, "time" : 44, "fill_level_grams : 185.20594481453438"}
INFO:root:{"bottle": 0, "time" : 66, "final_weight : 44.03683785574313"}
INFO:root:{"dispenser": red, "time" : 66, "fill_level_grams : 160.98937900626953"}
INFO:root:{"dispenser": blue, "time" : 66, "fill_level_grams : 139.40975834162182"}
INFO:root:{"dispenser": green, "time" : 66, "fill_level_grams : 170.13596128142817"}
INFO:root:{"bottle": 1, "time" : 88, "final_weight : 44.9771633378669"}
INFO:root:{"dispenser": red, "time" : 88, "fill_level_grams : 150.58878457478173"}
INFO:root:{"dispenser": blue, "time" : 88, "fill_level_grams : 119.60990374570642"}
INFO:root:{"dispenser": green, "time" : 88, "fill_level_grams : 155.46229001141867"}
INFO:root:{"bottle": 2, "time" : 110, "final_weight : 45.184283872864796"}
INFO:root:{"dispenser": red, "time" : 110, "fill_level_grams : 140.2848310970449"}
INFO:root:{"dispenser": blue, "time" : 110, "fill_level_grams : 99.71524272388233"}
INFO:root:{"dispenser": green, "time" : 110, "fill_level_grams : 140.67381044600282"}
INFO:root:{"bottle": 3, "time" : 132, "final_weight : 44.52862173554641"}
INFO:root:{"dispenser": red, "time" : 132, "fill_level_grams : 130.55371048448688"}
INFO:root:{"dispenser": blue, "time" : 132, "fill_level_grams : 79.51987488769471"}
INFO:root:{"dispenser": green, "time" : 132, "fill_level_grams : 125.30504062679427"}
INFO:root:{"bottle": 4, "time" : 154, "final_weight : 45.66402527252047"}
INFO:root:{"dispenser": red, "time" : 154, "fill_level_grams : 120.25994414527311"}
INFO:root:{"dispenser": blue, "time" : 154, "fill_level_grams : 59.939261136362106"}
INFO:root:{"dispenser": green, "time" : 154, "fill_level_grams : 110.40889956214185"}
INFO:root:{"bottle": 5, "time" : 176, "final_weight : 45.395462378576845"}
INFO:root:{"dispenser": red, "time" : 176, "fill_level_grams : 109.86336466518547"}
INFO:root:{"dispenser": blue, "time" : 176, "fill_level_grams : 39.56269072234505"}
INFO:root:{"dispenser": green, "time" : 176, "fill_level_grams : 95.82667662037004"}
INFO:root:{"bottle": 6, "time" : 198, "final_weight : 43.89395730566246"}
INFO:root:{"dispenser": red, "time" : 198, "fill_level_grams : 99.4202170634273"}
INFO:root:{"dispenser": blue, "time" : 198, "fill_level_grams : 180.23952236665133"}
INFO:root:{"dispenser": green, "time" : 198, "fill_level_grams : 81.3781127240078"}
INFO:root:{"bottle": 7, "time" : 220, "final_weight : 45.118900649593066"}
INFO:root:{"dispenser": red, "time" : 220, "fill_level_grams : 89.98423269652798"}
INFO:root:{"dispenser": blue, "time" : 220, "fill_level_grams : 159.97181662838165"}
INFO:root:{"dispenser": green, "time" : 220, "fill_level_grams : 66.47469656883804"}
INFO:root:{"bottle": 8, "time" : 242, "final_weight : 45.060473268606074"}
INFO:root:{"dispenser": red, "time" : 242, "fill_level_grams : 80.44097966541064"}
INFO:root:{"dispenser": blue, "time" : 242, "fill_level_grams : 139.92601814160423"}
INFO:root:{"dispenser": green, "time" : 242, "fill_level_grams : 51.50855822594191"}
INFO:root:{"bottle": 9, "time" : 264, "final_weight : 45.67699168292398"}
INFO:root:{"dispenser": red, "time" : 264, "fill_level_grams : 70.85229844308829"}
INFO:root:{"dispenser": blue, "time" : 264, "fill_level_grams : 119.8612068556467"}
INFO:root:{"dispenser": green, "time" : 264, "fill_level_grams : 36.62435612964859"}
INFO:root:{"bottle": 10, "time" : 286, "final_weight : 44.36598494997007"}
INFO:root:{"dispenser": red, "time" : 286, "fill_level_grams : 60.87516821884134"}
INFO:root:{"dispenser": blue, "time" : 286, "fill_level_grams : 99.86649532855834"}
INFO:root:{"dispenser": green, "time" : 286, "fill_level_grams : 21.514866687883707"}
INFO:root:{"bottle": 11, "time" : 308, "final_weight : 44.717553758839756"}
INFO:root:{"dispenser": red, "time" : 308, "fill_level_grams : 50.71460178251132"}
INFO:root:{"dispenser": blue, "time" : 308, "fill_level_grams : 80.09353509214539"}
INFO:root:{"dispenser": green, "time" : 308, "fill_level_grams : 184.83928522517937"}
INFO:root:{"bottle": 12, "time" : 330, "final_weight : 44.74410752423133"}
INFO:root:{"dispenser": red, "time" : 330, "fill_level_grams : 40.46727708846089"}
INFO:root:{"dispenser": blue, "time" : 330, "fill_level_grams : 59.17386546944962"}
INFO:root:{"dispenser": green, "time" : 330, "fill_level_grams : 169.77960522250692"}
INFO:root:{"bottle": 13, "time" : 352, "final_weight : 44.80977046333237"}
INFO:root:{"dispenser": red, "time" : 352, "fill_level_grams : 30.17933334728024"}
INFO:root:{"dispenser": blue, "time" : 352, "fill_level_grams : 39.934715775931934"}
INFO:root:{"dispenser": green, "time" : 352, "fill_level_grams : 154.73078627572067"}
INFO:root:{"bottle": 14, "time" : 374, "final_weight : 46.129055005812006"}
INFO:root:{"dispenser": red, "time" : 374, "fill_level_grams : 190.29565825434418"}
INFO:root:{"dispenser": blue, "time" : 374, "fill_level_grams : 180.27556654267255"}
INFO:root:{"dispenser": green, "time" : 374, "fill_level_grams : 139.46377700445268"}
INFO:root:{"bottle": 15, "time" : 396, "final_weight : 44.7534836588361"}
INFO:root:{"dispenser": red, "time" : 396, "fill_level_grams : 180.38203731223163"}
INFO:root:{"dispenser": blue, "time" : 396, "fill_level_grams : 160.67891056108024"}
INFO:root:{"dispenser": green, "time" : 396, "fill_level_grams : 124.43753358382632"}
INFO:root:{"bottle": 16, "time" : 418, "final_weight : 45.038620619134456"}
INFO:root:{"dispenser": red, "time" : 418, "fill_level_grams : 170.13058747203942"}
INFO:root:{"dispenser": blue, "time" : 418, "fill_level_grams : 141.07867950796634"}
INFO:root:{"dispenser": green, "time" : 418, "fill_level_grams : 109.3498431399797"}
INFO:root:{"bottle": 17, "time" : 440, "final_weight : 44.388688171094756"}
INFO:root:{"dispenser": red, "time" : 440, "fill_level_grams : 159.8955570647607"}
INFO:root:{"dispenser": blue, "time" : 440, "fill_level_grams : 120.70853766682472"}
INFO:root:{"dispenser": green, "time" : 440, "fill_level_grams : 94.26350061865853"}
INFO:root:{"bottle": 18, "time" : 462, "final_weight : 44.60019451654763"}
INFO:root:{"dispenser": red, "time" : 462, "fill_level_grams : 149.86866404490604"}
INFO:root:{"dispenser": blue, "time" : 462, "fill_level_grams : 100.7957888440142"}
INFO:root:{"dispenser": green, "time" : 462, "fill_level_grams : 79.61537455112993"}
INFO:root:{"bottle": 19, "time" : 484, "final_weight : 45.269717748862426"}
INFO:root:{"dispenser": red, "time" : 484, "fill_level_grams : 139.80765918721164"}
INFO:root:{"dispenser": blue, "time" : 484, "fill_level_grams : 80.54926244896579"}
INFO:root:{"dispenser": green, "time" : 484, "fill_level_grams : 64.52092860730407"}
INFO:root:{"bottle": 20, "time" : 506, "final_weight : 45.2422251739151"}
INFO:root:{"dispenser": red, "time" : 506, "fill_level_grams : 129.1381824652825"}
INFO:root:{"dispenser": blue, "time" : 506, "fill_level_grams : 60.43894581050584"}
INFO:root:{"dispenser": green, "time" : 506, "fill_level_grams : 49.70929574767047"}
INFO:root:{"bottle": 21, "time" : 528, "final_weight : 45.08505227453668"}
INFO:root:{"dispenser": red, "time" : 528, "fill_level_grams : 119.52691963624808"}
INFO:root:{"dispenser": blue, "time" : 528, "fill_level_grams : 40.42321408269589"}
INFO:root:{"dispenser": green, "time" : 528, "fill_level_grams : 34.62535914702397"}
INFO:root:{"bottle": 22, "time" : 550, "final_weight : 45.25525809680084"}
INFO:root:{"dispenser": red, "time" : 550, "fill_level_grams : 109.0773516193101"}
INFO:root:{"dispenser": blue, "time" : 550, "fill_level_grams : 20.851677097061486"}
INFO:root:{"dispenser": green, "time" : 550, "fill_level_grams : 184.7477185940079"}
INFO:root:{"bottle": 23, "time" : 572, "final_weight : 45.93748985573121"}
INFO:root:{"dispenser": red, "time" : 572, "fill_level_grams : 98.92031218997913"}
INFO:root:{"dispenser": blue, "time" : 572, "fill_level_grams : 1.016242994693208"}
INFO:root:{"dispenser": green, "time" : 572, "fill_level_grams : 169.72489640074255"}
INFO:root:{"bottle": 24, "time" : 594, "final_weight : 44.205622007934195"}
INFO:root:{"dispenser": red, "time" : 594, "fill_level_grams : 88.6055483557527"}
INFO:root:{"dispenser": blue, "time" : 594, "fill_level_grams : 180.24671090150676"}
INFO:root:{"dispenser": green, "time" : 594, "fill_level_grams : 154.81824661021437"}
INFO:root:{"bottle": 25, "time" : 616, "final_weight : 45.19165190983445"}
INFO:root:{"dispenser": red, "time" : 616, "fill_level_grams : 78.80534342958619"}
INFO:root:{"dispenser": blue, "time" : 616, "fill_level_grams : 159.84988510972298"}
INFO:root:{"dispenser": green, "time" : 616, "fill_level_grams : 139.11821979929402"}
INFO:root:{"bottle": 26, "time" : 638, "final_weight : 45.61035533874455"}
INFO:root:{"dispenser": red, "time" : 638, "fill_level_grams : 68.95209040390795"}
INFO:root:{"dispenser": blue, "time" : 638, "fill_level_grams : 139.74424134389915"}
INFO:root:{"dispenser": green, "time" : 638, "fill_level_grams : 124.20327903293546"}
INFO:root:{"bottle": 27, "time" : 660, "final_weight : 45.62653039236877"}
INFO:root:{"dispenser": red, "time" : 660, "fill_level_grams : 58.820904588864906"}
INFO:root:{"dispenser": blue, "time" : 660, "fill_level_grams : 120.20997355390091"}
INFO:root:{"dispenser": green, "time" : 660, "fill_level_grams : 109.15191952415987"}
INFO:root:{"bottle": 28, "time" : 682, "final_weight : 44.95720820076593"}
INFO:root:{"dispenser": red, "time" : 682, "fill_level_grams : 49.3251041671534"}
INFO:root:{"dispenser": blue, "time" : 682, "fill_level_grams : 100.34369839025265"}
INFO:root:{"dispenser": green, "time" : 682, "fill_level_grams : 93.52770204662261"}
INFO:root:{"bottle": 29, "time" : 704, "final_weight : 45.011738293213746"}
INFO:root:{"dispenser": red, "time" : 704, "fill_level_grams : 39.019584488354155"}
INFO:root:{"dispenser": blue, "time" : 704, "fill_level_grams : 80.15180862093976"}
INFO:root:{"dispenser": green, "time" : 704, "fill_level_grams : 78.9589696157822"}
INFO:root:{"bottle": 30, "time" : 726, "final_weight : 44.56619340953171"}
INFO:root:{"dispenser": red, "time" : 726, "fill_level_grams : 190.2467184273359"}
INFO:root:{"dispenser": blue, "time" : 726, "fill_level_grams : 60.661621920678904"}
INFO:root:{"dispenser": green, "time" : 726, "fill_level_grams : 64.03554905672698"}
INFO:root:{"bottle": 31, "time" : 748, "final_weight : 44.61111075007963"}
INFO:root:{"dispenser": red, "time" : 748, "fill_level_grams : 180.0426544045187"}
INFO:root:{"dispenser": blue, "time" : 748, "fill_level_grams : 41.01192802865947"}
INFO:root:{"dispenser": green, "time" : 748, "fill_level_grams : 49.110672134389404"}
INFO:root:{"bottle": 32, "time" : 770, "final_weight : 44.720583301397674"}
INFO:root:{"dispenser": red, "time" : 770, "fill_level_grams : 170.12945202789962"}
INFO:root:{"dispenser": blue, "time" : 770, "fill_level_grams : 21.050110556136794"}
INFO:root:{"dispenser": green, "time" : 770, "fill_level_grams : 34.10654242446997"}
INFO:root:{"bottle": 33, "time" : 792, "final_weight : 44.40710517460296"}
INFO:root:{"dispenser": red, "time" : 792, "fill_level_grams : 159.9583381730165"}
INFO:root:{"dispenser": blue, "time" : 792, "fill_level_grams : 179.9946012981565"}
INFO:root:{"dispenser": green, "time" : 792, "fill_level_grams : 19.199572369720464"}
INFO:root:{"bottle": 34, "time" : 814, "final_weight : 45.072851550089396"}
INFO:root:{"dispenser": red, "time" : 814, "fill_level_grams : 149.88352705419112"}
INFO:root:{"dispenser": blue, "time" : 814, "fill_level_grams : 159.66567701347543"}
INFO:root:{"dispenser": green, "time" : 814, "fill_level_grams : 185.7642362633089"}
INFO:root:{"bottle": 35, "time" : 836, "final_weight : 44.154364815153656"}
INFO:root:{"dispenser": red, "time" : 836, "fill_level_grams : 139.89491317314508"}
INFO:root:{"dispenser": blue, "time" : 836, "fill_level_grams : 139.52246572615596"}
INFO:root:{"dispenser": green, "time" : 836, "fill_level_grams : 170.61758897521113"}
INFO:root:{"bottle": 36, "time" : 858, "final_weight : 45.646685427661964"}
INFO:root:{"dispenser": red, "time" : 858, "fill_level_grams : 129.94043126793372"}
INFO:root:{"dispenser": blue, "time" : 858, "fill_level_grams : 119.29844667334672"}
INFO:root:{"dispenser": green, "time" : 858, "fill_level_grams : 155.65352558944093"}
INFO:root:{"bottle": 37, "time" : 880, "final_weight : 45.18208579191506"}
INFO:root:{"dispenser": red, "time" : 880, "fill_level_grams : 119.88754486939888"}
INFO:root:{"dispenser": blue, "time" : 880, "fill_level_grams : 99.38654266310641"}
INFO:root:{"dispenser": green, "time" : 880, "fill_level_grams : 141.16244499810648"}
INFO:root:{"bottle": 38, "time" : 902, "final_weight : 44.703713525189706"}
INFO:root:{"dispenser": red, "time" : 902, "fill_level_grams : 110.1782704950278"}
INFO:root:{"dispenser": blue, "time" : 902, "fill_level_grams : 78.89840945492483"}
INFO:root:{"dispenser": green, "time" : 902, "fill_level_grams : 126.30522718991838"}
INFO:root:{"bottle": 39, "time" : 924, "final_weight : 44.72360372363976"}
INFO:root:{"dispenser": red, "time" : 924, "fill_level_grams : 100.51922780215934"}
INFO:root:{"dispenser": blue, "time" : 924, "fill_level_grams : 58.464007607921005"}
INFO:root:{"dispenser": green, "time" : 924, "fill_level_grams : 111.44506043629212"}
INFO:root:{"bottle": 40, "time" : 946, "final_weight : 45.40118636034268"}
INFO:root:{"dispenser": red, "time" : 946, "fill_level_grams : 90.39738377664497"}
INFO:root:{"dispenser": blue, "time" : 946, "fill_level_grams : 38.04262186823324"}
INFO:root:{"dispenser": green, "time" : 946, "fill_level_grams : 96.54132837238811"}
INFO:root:{"bottle": 41, "time" : 968, "final_weight : 45.04740828527892"}
INFO:root:{"dispenser": red, "time" : 968, "fill_level_grams : 80.48111706056474"}
INFO:root:{"dispenser": blue, "time" : 968, "fill_level_grams : 18.129161512358845"}
INFO:root:{"dispenser": green, "time" : 968, "fill_level_grams : 81.80804135814662"}
INFO:root:{"bottle": 42, "time" : 990, "final_weight : 44.81371544679772"}
INFO:root:{"dispenser": red, "time" : 990, "fill_level_grams : 69.78856995495376"}
INFO:root:{"dispenser": blue, "time" : 990, "fill_level_grams : 180.0631713674232"}
INFO:root:{"dispenser": green, "time" : 990, "fill_level_grams : 66.72583186252083"}
INFO:root:{"dispenser": red, "time" : 0, "fill_level_grams : 189.91126767083853"}
INFO:root:{"dispenser": red, "time" : 22, "fill_level_grams : 179.89050353487858"}
INFO:root:{"dispenser": blue, "time" : 22, "fill_level_grams : 179.9088413843611"}
INFO:root:{"dispenser": red, "time" : 44, "fill_level_grams : 169.67601865165588"}
INFO:root:{"dispenser": blue, "time" : 44, "fill_level_grams : 159.76597019059386"}
INFO:root:{"dispenser": green, "time" : 44, "fill_level_grams : 185.43876920042578"}
INFO:root:{"bottle": 0, "time" : 66, "final_weight : 44.74112174437461"}
INFO:root:{"dispenser": red, "time" : 66, "fill_level_grams : 159.83926808962792"}
INFO:root:{"dispenser": blue, "time" : 66, "fill_level_grams : 140.02110410624445"}
INFO:root:{"dispenser": green, "time" : 66, "fill_level_grams : 170.10507428520825"}
INFO:root:{"bottle": 1, "time" : 88, "final_weight : 45.497330244944685"}
INFO:root:{"dispenser": red, "time" : 88, "fill_level_grams : 149.74828796329336"}
INFO:root:{"dispenser": blue, "time" : 88, "fill_level_grams : 120.15384283926376"}
INFO:root:{"dispenser": green, "time" : 88, "fill_level_grams : 155.03386769574757"}
INFO:root:{"bottle": 2, "time" : 110, "final_weight : 45.03055755703278"}
INFO:root:{"dispenser": red, "time" : 110, "fill_level_grams : 140.42209690917906"}
INFO:root:{"dispenser": blue, "time" : 110, "fill_level_grams : 100.32608499715269"}
INFO:root:{"dispenser": green, "time" : 110, "fill_level_grams : 139.85464592920215"}
INFO:root:{"bottle": 3, "time" : 132, "final_weight : 44.88323359555407"}
INFO:root:{"dispenser": red, "time" : 132, "fill_level_grams : 130.14207028605165"}
INFO:root:{"dispenser": blue, "time" : 132, "fill_level_grams : 80.36649184828237"}
INFO:root:{"dispenser": green, "time" : 132, "fill_level_grams : 125.21090041374904"}
INFO:root:{"bottle": 4, "time" : 154, "final_weight : 44.56248348389874"}
INFO:root:{"dispenser": red, "time" : 154, "fill_level_grams : 120.09603620562038"}
INFO:root:{"dispenser": blue, "time" : 154, "fill_level_grams : 60.11953053758807"}
INFO:root:{"dispenser": green, "time" : 154, "fill_level_grams : 110.12581419499615"}
INFO:root:{"bottle": 5, "time" : 176, "final_weight : 44.37087042173753"}
INFO:root:{"dispenser": red, "time" : 176, "fill_level_grams : 110.38767136153598"}
INFO:root:{"dispenser": blue, "time" : 176, "fill_level_grams : 40.214196998835135"}
INFO:root:{"dispenser": green, "time" : 176, "fill_level_grams : 95.49892829994168"}
INFO:root:{"bottle": 6, "time" : 198, "final_weight : 45.153873828876186"}
INFO:root:{"dispenser": red, "time" : 198, "fill_level_grams : 100.24401114211643"}
INFO:root:{"dispenser": blue, "time" : 198, "fill_level_grams : 19.885317872263872"}
INFO:root:{"dispenser": green, "time" : 198, "fill_level_grams : 81.1649534914672"}
INFO:root:{"bottle": 7, "time" : 220, "final_weight : 44.2853424276587"}
INFO:root:{"dispenser": red, "time" : 220, "fill_level_grams : 89.90892918005808"}
INFO:root:{"dispenser": blue, "time" : 220, "fill_level_grams : 179.46812354821284"}
INFO:root:{"dispenser": green, "time" : 220, "fill_level_grams : 66.49321821507371"}
INFO:root:{"bottle": 8, "time" : 242, "final_weight : 44.70897924704914"}
INFO:root:{"dispenser": red, "time" : 242, "fill_level_grams : 79.92660139221594"}
INFO:root:{"dispenser": blue, "time" : 242, "fill_level_grams : 159.60624859432326"}
INFO:root:{"dispenser": green, "time" : 242, "fill_level_grams : 52.03007855326926"}
INFO:root:{"bottle": 9, "time" : 264, "final_weight : 45.138676333011155"}
INFO:root:{"dispenser": red, "time" : 264, "fill_level_grams : 69.96837758440381"}
INFO:root:{"dispenser": blue, "time" : 264, "fill_level_grams : 139.33345104668282"}
INFO:root:{"dispenser": green, "time" : 264, "fill_level_grams : 36.85783394947873"}
INFO:root:{"bottle": 10, "time" : 286, "final_weight : 45.36920151973847"}
INFO:root:{"dispenser": red, "time" : 286, "fill_level_grams : 59.89504325268478"}
INFO:root:{"dispenser": blue, "time" : 286, "fill_level_grams : 119.42636202982027"}
INFO:root:{"dispenser": green, "time" : 286, "fill_level_grams : 21.86731816687638"}
INFO:root:{"bottle": 11, "time" : 308, "final_weight : 45.24564111808491"}
INFO:root:{"dispenser": red, "time" : 308, "fill_level_grams : 49.728758359153275"}
INFO:root:{"dispenser": blue, "time" : 308, "fill_level_grams : 99.45040784878442"}
INFO:root:{"dispenser": green, "time" : 308, "fill_level_grams : 185.20840927274537"}
INFO:root:{"bottle": 12, "time" : 330, "final_weight : 44.65690355192933"}
INFO:root:{"dispenser": red, "time" : 330, "fill_level_grams : 39.528216958194875"}
INFO:root:{"dispenser": blue, "time" : 330, "fill_level_grams : 79.10778548175162"}
INFO:root:{"dispenser": green, "time" : 330, "fill_level_grams : 170.19667902960038"}
INFO:root:{"bottle": 13, "time" : 352, "final_weight : 45.061018755899866"}
INFO:root:{"dispenser": red, "time" : 352, "fill_level_grams : 29.87319445205123"}
INFO:root:{"dispenser": blue, "time" : 352, "fill_level_grams : 59.051080813143116"}
INFO:root:{"dispenser": green, "time" : 352, "fill_level_grams : 154.87111250026362"}
INFO:root:{"bottle": 14, "time" : 374, "final_weight : 45.83447378990105"}
INFO:root:{"dispenser": red, "time" : 374, "fill_level_grams : 189.79184701828763"}
INFO:root:{"dispenser": blue, "time" : 374, "fill_level_grams : 39.71337723334709"}
INFO:root:{"dispenser": green, "time" : 374, "fill_level_grams : 139.81321393795184"}
INFO:root:{"bottle": 15, "time" : 396, "final_weight : 45.31514463187869"}
INFO:root:{"dispenser": red, "time" : 396, "fill_level_grams : 180.00693432215184"}
INFO:root:{"dispenser": blue, "time" : 396, "fill_level_grams : 19.386371301869588"}
INFO:root:{"dispenser": green, "time" : 396, "fill_level_grams : 124.9936320123255"}
INFO:root:{"bottle": 16, "time" : 418, "final_weight : 43.81230801156601"}
INFO:root:{"dispenser": red, "time" : 418, "fill_level_grams : 169.60110535247776"}
INFO:root:{"dispenser": blue, "time" : 418, "fill_level_grams : 180.10208436782358"}
INFO:root:{"dispenser": green, "time" : 418, "fill_level_grams : 109.99417790596814"}
INFO:root:{"bottle": 17, "time" : 440, "final_weight : 45.53461301954725"}
INFO:root:{"dispenser": red, "time" : 440, "fill_level_grams : 159.30378589841126"}
INFO:root:{"dispenser": blue, "time" : 440, "fill_level_grams : 160.02023781515257"}
INFO:root:{"dispenser": green, "time" : 440, "fill_level_grams : 94.68953681792988"}
INFO:root:{"bottle": 18, "time" : 462, "final_weight : 44.98746941635048"}
INFO:root:{"dispenser": red, "time" : 462, "fill_level_grams : 149.36988104189172"}
INFO:root:{"dispenser": blue, "time" : 462, "fill_level_grams : 139.6273496766833"}
INFO:root:{"dispenser": green, "time" : 462, "fill_level_grams : 79.83529161838587"}
INFO:root:{"bottle": 19, "time" : 484, "final_weight : 45.341920721889096"}
INFO:root:{"dispenser": red, "time" : 484, "fill_level_grams : 139.29283638047687"}
INFO:root:{"dispenser": blue, "time" : 484, "fill_level_grams : 119.64181441375241"}
INFO:root:{"dispenser": green, "time" : 484, "fill_level_grams : 64.96863722466097"}
INFO:root:{"bottle": 20, "time" : 506, "final_weight : 45.556861986260635"}
INFO:root:{"dispenser": red, "time" : 506, "fill_level_grams : 129.21165679066692"}
INFO:root:{"dispenser": blue, "time" : 506, "fill_level_grams : 99.301591806418"}
INFO:root:{"dispenser": green, "time" : 506, "fill_level_grams : 50.466421470498894"}
INFO:root:{"bottle": 21, "time" : 528, "final_weight : 44.42165587361253"}
INFO:root:{"dispenser": red, "time" : 528, "fill_level_grams : 119.07904590960393"}
INFO:root:{"dispenser": blue, "time" : 528, "fill_level_grams : 79.29150856653591"}
INFO:root:{"dispenser": green, "time" : 528, "fill_level_grams : 35.26614822725956"}
INFO:root:{"bottle": 22, "time" : 550, "final_weight : 45.61754051198858"}
INFO:root:{"dispenser": red, "time" : 550, "fill_level_grams : 108.91679576613421"}
INFO:root:{"dispenser": blue, "time" : 550, "fill_level_grams : 59.26298793620619"}
INFO:root:{"dispenser": green, "time" : 550, "fill_level_grams : 184.81986510427714"}
INFO:root:{"bottle": 23, "time" : 572, "final_weight : 45.2713977254149"}
INFO:root:{"dispenser": red, "time" : 572, "fill_level_grams : 99.06508606809574"}
INFO:root:{"dispenser": blue, "time" : 572, "fill_level_grams : 38.89602992670849"}
INFO:root:{"dispenser": green, "time" : 572, "fill_level_grams : 169.58597171188535"}
INFO:root:{"bottle": 24, "time" : 594, "final_weight : 45.39502490378449"}
INFO:root:{"dispenser": red, "time" : 594, "fill_level_grams : 89.11389676095996"}
INFO:root:{"dispenser": blue, "time" : 594, "fill_level_grams : 180.05764856935372"}
INFO:root:{"dispenser": green, "time" : 594, "fill_level_grams : 155.11205143305807"}
INFO:root:{"bottle": 25, "time" : 616, "final_weight : 45.003128431794686"}
INFO:root:{"dispenser": red, "time" : 616, "fill_level_grams : 78.49523259794115"}
INFO:root:{"dispenser": blue, "time" : 616, "fill_level_grams : 160.685606178747"}
INFO:root:{"dispenser": green, "time" : 616, "fill_level_grams : 140.27363354739703"}
INFO:root:{"bottle": 26, "time" : 638, "final_weight : 44.632479014345826"}
INFO:root:{"dispenser": red, "time" : 638, "fill_level_grams : 68.61144564316677"}
INFO:root:{"dispenser": blue, "time" : 638, "fill_level_grams : 141.15434057027943"}
INFO:root:{"dispenser": green, "time" : 638, "fill_level_grams : 125.31909588950052"}
INFO:root:{"bottle": 27, "time" : 660, "final_weight : 44.277769355638995"}
INFO:root:{"dispenser": red, "time" : 660, "fill_level_grams : 59.29488904550177"}
INFO:root:{"dispenser": blue, "time" : 660, "fill_level_grams : 120.83107422155054"}
INFO:root:{"dispenser": green, "time" : 660, "fill_level_grams : 109.9552538115556"}
INFO:root:{"bottle": 28, "time" : 682, "final_weight : 45.51377184943131"}
INFO:root:{"dispenser": red, "time" : 682, "fill_level_grams : 49.09031713067191"}
INFO:root:{"dispenser": blue, "time" : 682, "fill_level_grams : 100.56385342894464"}
INFO:root:{"dispenser": green, "time" : 682, "fill_level_grams : 94.9459148139061"}
INFO:root:{"bottle": 29, "time" : 704, "final_weight : 45.21639230115277"}
INFO:root:{"dispenser": red, "time" : 704, "fill_level_grams : 39.12313898078894"}
INFO:root:{"dispenser": blue, "time" : 704, "fill_level_grams : 80.32684980951613"}
INFO:root:{"dispenser": green, "time" : 704, "fill_level_grams : 79.78767321972232"}
INFO:root:{"bottle": 30, "time" : 726, "final_weight : 44.742018984454674"}
INFO:root:{"dispenser": red, "time" : 726, "fill_level_grams : 190.22018811437397"}
INFO:root:{"dispenser": blue, "time" : 726, "fill_level_grams : 60.311180566049245"}
INFO:root:{"dispenser": green, "time" : 726, "fill_level_grams : 64.97901760196434"}
INFO:root:{"bottle": 31, "time" : 748, "final_weight : 45.25023115201635"}
INFO:root:{"dispenser": red, "time" : 748, "fill_level_grams : 180.24705429110543"}
INFO:root:{"dispenser": blue, "time" : 748, "fill_level_grams : 40.67843391832868"}
INFO:root:{"dispenser": green, "time" : 748, "fill_level_grams : 49.93882306897918"}
INFO:root:{"bottle": 32, "time" : 770, "final_weight : 45.023041926335026"}
INFO:root:{"dispenser": red, "time" : 770, "fill_level_grams : 170.36011944307666"}
INFO:root:{"dispenser": blue, "time" : 770, "fill_level_grams : 20.950082561365434"}
INFO:root:{"dispenser": green, "time" : 770, "fill_level_grams : 34.57016112783016"}
INFO:root:{"bottle": 33, "time" : 792, "final_weight : 44.781220474495605"}
INFO:root:{"dispenser": red, "time" : 792, "fill_level_grams : 160.66260686913023"}
INFO:root:{"dispenser": blue, "time" : 792, "fill_level_grams : 179.83510280623727"}
INFO:root:{"dispenser": green, "time" : 792, "fill_level_grams : 19.305220398434997"}
INFO:root:{"bottle": 34, "time" : 814, "final_weight : 44.96642590962696"}
INFO:root:{"dispenser": red, "time" : 814, "fill_level_grams : 150.46834403909645"}
INFO:root:{"dispenser": blue, "time" : 814, "fill_level_grams : 159.70681192228287"}
INFO:root:{"dispenser": green, "time" : 814, "fill_level_grams : 184.5188279116051"}
INFO:root:{"bottle": 35, "time" : 836, "final_weight : 45.533004130186406"}
INFO:root:{"dispenser": red, "time" : 836, "fill_level_grams : 140.857836733805"}
INFO:root:{"dispenser": blue, "time" : 836, "fill_level_grams : 139.48568432489571"}
INFO:root:{"dispenser": green, "time" : 836, "fill_level_grams : 169.3854643426918"}
INFO:root:{"bottle": 36, "time" : 858, "final_weight : 44.95916702681414"}
INFO:root:{"dispenser": red, "time" : 858, "fill_level_grams : 130.72613485343462"}
INFO:root:{"dispenser": blue, "time" : 858, "fill_level_grams : 119.42225747160012"}
INFO:root:{"dispenser": green, "time" : 858, "fill_level_grams : 154.17717626253884"}
INFO:root:{"bottle": 37, "time" : 880, "final_weight : 45.62367850757391"}
INFO:root:{"dispenser": red, "time" : 880, "fill_level_grams : 120.8472878931425"}
INFO:root:{"dispenser": blue, "time" : 880, "fill_level_grams : 99.20881300029762"}
INFO:root:{"dispenser": green, "time" : 880, "fill_level_grams : 138.9047660299154"}
INFO:root:{"bottle": 38, "time" : 902, "final_weight : 44.94634439121048"}
INFO:root:{"dispenser": red, "time" : 902, "fill_level_grams : 111.12235641539631"}
INFO:root:{"dispenser": blue, "time" : 902, "fill_level_grams : 78.90990097397527"}
INFO:root:{"dispenser": green, "time" : 902, "fill_level_grams : 123.94037924148451"}
INFO:root:{"bottle": 39, "time" : 924, "final_weight : 45.30953314010378"}
INFO:root:{"dispenser": red, "time" : 924, "fill_level_grams : 101.07612543737494"}
INFO:root:{"dispenser": blue, "time" : 924, "fill_level_grams : 59.0455624196689"}
INFO:root:{"dispenser": green, "time" : 924, "fill_level_grams : 109.307142947362"}
INFO:root:{"bottle": 40, "time" : 946, "final_weight : 44.81099528073699"}
INFO:root:{"dispenser": red, "time" : 946, "fill_level_grams : 90.76762937574854"}
INFO:root:{"dispenser": blue, "time" : 946, "fill_level_grams : 38.88676731172103"}
INFO:root:{"dispenser": green, "time" : 946, "fill_level_grams : 94.74306118323487"}
INFO:root:{"bottle": 41, "time" : 968, "final_weight : 44.15335179617969"}
INFO:root:{"dispenser": red, "time" : 968, "fill_level_grams : 80.38280089164377"}
INFO:root:{"dispenser": blue, "time" : 968, "fill_level_grams : 18.974230351947888"}
INFO:root:{"dispenser": green, "time" : 968, "fill_level_grams : 80.14062686516297"}
INFO:root:{"bottle": 42, "time" : 990, "final_weight : 44.80746040404114"}
INFO:root:{"dispenser": red, "time" : 990, "fill_level_grams : 70.22627320498806"}
INFO:root:{"dispenser": blue, "time" : 990, "fill_level_grams : 179.88329799314477"}
INFO:root:{"dispenser": green, "time" : 990, "fill_level_grams : 65.10351626754338"}
INFO:root:{"dispenser": red, "time" : 0, "fill_level_grams : 189.9528992984825"}
INFO:root:{"dispenser": red, "time" : 22, "fill_level_grams : 180.35342350066506"}
INFO:root:{"dispenser": blue, "time" : 22, "fill_level_grams : 179.84705915017176"}
INFO:root:{"dispenser": red, "time" : 44, "fill_level_grams : 170.52731995444228"}
INFO:root:{"dispenser": blue, "time" : 44, "fill_level_grams : 159.73038245412675"}
INFO:root:{"dispenser": green, "time" : 44, "fill_level_grams : 184.7540274605799"}
INFO:root:{"bottle": 0, "time" : 66, "final_weight : 45.44601409076586"}
INFO:root:{"dispenser": red, "time" : 66, "fill_level_grams : 160.25212867081441"}
INFO:root:{"dispenser": blue, "time" : 66, "fill_level_grams : 139.69382930246258"}
INFO:root:{"dispenser": green, "time" : 66, "fill_level_grams : 169.62440043927907"}
INFO:root:{"bottle": 1, "time" : 88, "final_weight : 44.84577951516324"}
INFO:root:{"dispenser": red, "time" : 88, "fill_level_grams : 150.0010405078262"}
INFO:root:{"dispenser": blue, "time" : 88, "fill_level_grams : 119.78848063222335"}
INFO:root:{"dispenser": green, "time" : 88, "fill_level_grams : 154.88641208797125"}
INFO:root:{"bottle": 2, "time" : 110, "final_weight : 44.600645049194775"}
INFO:root:{"dispenser": red, "time" : 110, "fill_level_grams : 140.20900337757251"}
INFO:root:{"dispenser": blue, "time" : 110, "fill_level_grams : 99.50407587058424"}
INFO:root:{"dispenser": green, "time" : 110, "fill_level_grams : 139.48860842577307"}
INFO:root:{"bottle": 3, "time" : 132, "final_weight : 45.57834361606525"}
INFO:root:{"dispenser": red, "time" : 132, "fill_level_grams : 130.0426117105471"}
INFO:root:{"dispenser": blue, "time" : 132, "fill_level_grams : 79.32235272125563"}
INFO:root:{"dispenser": green, "time" : 132, "fill_level_grams : 125.17225510684662"}
INFO:root:{"bottle": 4, "time" : 154, "final_weight : 44.85184624355378"}
INFO:root:{"dispenser": red, "time" : 154, "fill_level_grams : 120.36109091190181"}
INFO:root:{"dispenser": blue, "time" : 154, "fill_level_grams : 59.59470201400653"}
INFO:root:{"dispenser": green, "time" : 154, "fill_level_grams : 110.47418074209546"}
INFO:root:{"bottle": 5, "time" : 176, "final_weight : 44.67183464433345"}
INFO:root:{"dispenser": red, "time" : 176, "fill_level_grams : 110.41991790062293"}
INFO:root:{"dispenser": blue, "time" : 176, "fill_level_grams : 39.81420532613635"}
INFO:root:{"dispenser": green, "time" : 176, "fill_level_grams : 94.70540645926818"}
INFO:root:{"bottle": 6, "time" : 198, "final_weight : 45.66281665710179"}
INFO:root:{"dispenser": red, "time" : 198, "fill_level_grams : 100.4646715227991"}
INFO:root:{"dispenser": blue, "time" : 198, "fill_level_grams : 179.93528611893777"}
INFO:root:{"dispenser": green, "time" : 198, "fill_level_grams : 79.31962038932978"}
INFO:root:{"bottle": 7, "time" : 220, "final_weight : 44.847803556453854"}
INFO:root:{"dispenser": red, "time" : 220, "fill_level_grams : 90.34423576094302"}
INFO:root:{"dispenser": blue, "time" : 220, "fill_level_grams : 160.10377115975206"}
INFO:root:{"dispenser": green, "time" : 220, "fill_level_grams : 64.1118504417822"}
INFO:root:{"bottle": 8, "time" : 242, "final_weight : 45.2136568398887"}
INFO:root:{"dispenser": red, "time" : 242, "fill_level_grams : 80.5895458575321"}
INFO:root:{"dispenser": blue, "time" : 242, "fill_level_grams : 139.9888606837495"}
INFO:root:{"dispenser": green, "time" : 242, "fill_level_grams : 49.01314241859292"}
INFO:root:{"bottle": 9, "time" : 264, "final_weight : 44.88546936019884"}
INFO:root:{"dispenser": red, "time" : 264, "fill_level_grams : 70.62591172968047"}
INFO:root:{"dispenser": blue, "time" : 264, "fill_level_grams : 119.87880901309491"}
INFO:root:{"dispenser": green, "time" : 264, "fill_level_grams : 33.78861350884915"}
INFO:root:{"bottle": 10, "time" : 286, "final_weight : 45.45987514760241"}
INFO:root:{"dispenser": red, "time" : 286, "fill_level_grams : 60.266510048647405"}
INFO:root:{"dispenser": blue, "time" : 286, "fill_level_grams : 99.94894952627199"}
INFO:root:{"dispenser": green, "time" : 286, "fill_level_grams : 18.037405600639325"}
INFO:root:{"bottle": 11, "time" : 308, "final_weight : 45.615949482275326"}
INFO:root:{"dispenser": red, "time" : 308, "fill_level_grams : 50.680600828506996"}
INFO:root:{"dispenser": blue, "time" : 308, "fill_level_grams : 79.78148401265582"}
INFO:root:{"dispenser": green, "time" : 308, "fill_level_grams : 184.7680670087567"}
INFO:root:{"bottle": 12, "time" : 330, "final_weight : 45.12542660591785"}
INFO:root:{"dispenser": red, "time" : 330, "fill_level_grams : 40.17083900819019"}
INFO:root:{"dispenser": blue, "time" : 330, "fill_level_grams : 59.32480671577902"}
INFO:root:{"dispenser": green, "time" : 330, "fill_level_grams : 169.26472176783264"}
INFO:root:{"bottle": 13, "time" : 352, "final_weight : 46.030212435573276"}
INFO:root:{"dispenser": red, "time" : 352, "fill_level_grams : 30.77207977588229"}
INFO:root:{"dispenser": blue, "time" : 352, "fill_level_grams : 38.96168235449717"}
INFO:root:{"dispenser": green, "time" : 352, "fill_level_grams : 153.99634905637134"}
INFO:root:{"bottle": 14, "time" : 374, "final_weight : 45.31095922847851"}
INFO:root:{"dispenser": red, "time" : 374, "fill_level_grams : 189.97908344800967"}
INFO:root:{"dispenser": blue, "time" : 374, "fill_level_grams : 180.02209060722944"}
INFO:root:{"dispenser": green, "time" : 374, "fill_level_grams : 139.1274667383651"}
INFO:root:{"bottle": 15, "time" : 396, "final_weight : 45.741768499604916"}
INFO:root:{"dispenser": red, "time" : 396, "fill_level_grams : 180.4243086123244"}
INFO:root:{"dispenser": blue, "time" : 396, "fill_level_grams : 159.86506322762233"}
INFO:root:{"dispenser": green, "time" : 396, "fill_level_grams : 124.22021694689545"}
INFO:root:{"bottle": 16, "time" : 418, "final_weight : 44.283918416548104"}
INFO:root:{"dispenser": red, "time" : 418, "fill_level_grams : 170.020356216843"}
INFO:root:{"dispenser": blue, "time" : 418, "fill_level_grams : 140.0977606197741"}
INFO:root:{"dispenser": green, "time" : 418, "fill_level_grams : 109.3272564011543"}
INFO:root:{"bottle": 17, "time" : 440, "final_weight : 45.070904477338594"}
INFO:root:{"dispenser": red, "time" : 440, "fill_level_grams : 159.735495837984"}
INFO:root:{"dispenser": blue, "time" : 440, "fill_level_grams : 120.16169073239736"}
INFO:root:{"dispenser": green, "time" : 440, "fill_level_grams : 94.64762500275731"}
INFO:root:{"bottle": 18, "time" : 462, "final_weight : 44.00170884193049"}
INFO:root:{"dispenser": red, "time" : 462, "fill_level_grams : 149.9058896627869"}
INFO:root:{"dispenser": blue, "time" : 462, "fill_level_grams : 100.2239522874142"}
INFO:root:{"dispenser": green, "time" : 462, "fill_level_grams : 79.44047192790299"}
INFO:root:{"bottle": 19, "time" : 484, "final_weight : 45.54717535771247"}
INFO:root:{"dispenser": red, "time" : 484, "fill_level_grams : 139.7224705025599"}
INFO:root:{"dispenser": blue, "time" : 484, "fill_level_grams : 80.47663439251198"}
INFO:root:{"dispenser": green, "time" : 484, "fill_level_grams : 65.02786078304939"}
INFO:root:{"bottle": 20, "time" : 506, "final_weight : 44.63520996869576"}
INFO:root:{"dispenser": red, "time" : 506, "fill_level_grams : 129.3680592879151"}
INFO:root:{"dispenser": blue, "time" : 506, "fill_level_grams : 60.610757147605014"}
INFO:root:{"dispenser": green, "time" : 506, "fill_level_grams : 49.846986090520346"}
INFO:root:{"bottle": 21, "time" : 528, "final_weight : 44.75779876262837"}
INFO:root:{"dispenser": red, "time" : 528, "fill_level_grams : 118.97601552546942"}
INFO:root:{"dispenser": blue, "time" : 528, "fill_level_grams : 40.55356338824782"}
INFO:root:{"dispenser": green, "time" : 528, "fill_level_grams : 35.063827732496115"}
INFO:root:{"bottle": 22, "time" : 550, "final_weight : 44.832454763158196"}
INFO:root:{"dispenser": red, "time" : 550, "fill_level_grams : 108.58574530463169"}
INFO:root:{"dispenser": blue, "time" : 550, "fill_level_grams : 20.7208486269974"}
INFO:root:{"dispenser": green, "time" : 550, "fill_level_grams : 184.86294924548733"}
INFO:root:{"bottle": 23, "time" : 572, "final_weight : 45.548655728514674"}
INFO:root:{"dispenser": red, "time" : 572, "fill_level_grams : 98.7000805504743"}
INFO:root:{"dispenser": blue, "time" : 572, "fill_level_grams : 0.45998316490476654"}
INFO:root:{"dispenser": green, "time" : 572, "fill_level_grams : 169.96666582442367"}
INFO:root:{"bottle": 24, "time" : 594, "final_weight : 45.12104194475974"}
INFO:root:{"dispenser": red, "time" : 594, "fill_level_grams : 88.51611339761715"}
INFO:root:{"dispenser": blue, "time" : 594, "fill_level_grams : 179.8846752226515"}
INFO:root:{"dispenser": green, "time" : 594, "fill_level_grams : 154.57838003895054"}
INFO:root:{"bottle": 25, "time" : 616, "final_weight : 46.0394214684035"}
INFO:root:{"dispenser": red, "time" : 616, "fill_level_grams : 78.9124334468138"}
INFO:root:{"dispenser": blue, "time" : 616, "fill_level_grams : 159.5378050246138"}
INFO:root:{"dispenser": green, "time" : 616, "fill_level_grams : 139.29716903176913"}
INFO:root:{"bottle": 26, "time" : 638, "final_weight : 45.28220053868729"}
INFO:root:{"dispenser": red, "time" : 638, "fill_level_grams : 68.80239902259075"}
INFO:root:{"dispenser": blue, "time" : 638, "fill_level_grams : 139.49671449719654"}
INFO:root:{"dispenser": green, "time" : 638, "fill_level_grams : 124.13915104201284"}
INFO:root:{"bottle": 27, "time" : 660, "final_weight : 45.68885534065116"}
INFO:root:{"dispenser": red, "time" : 660, "fill_level_grams : 58.43147221673118"}
INFO:root:{"dispenser": blue, "time" : 660, "fill_level_grams : 119.76980148262192"}
INFO:root:{"dispenser": green, "time" : 660, "fill_level_grams : 109.12115835882351"}
INFO:root:{"bottle": 28, "time" : 682, "final_weight : 44.662763161409934"}
INFO:root:{"dispenser": red, "time" : 682, "fill_level_grams : 48.62673954158361"}
INFO:root:{"dispenser": blue, "time" : 682, "fill_level_grams : 99.13999833737711"}
INFO:root:{"dispenser": green, "time" : 682, "fill_level_grams : 93.80539749251507"}
INFO:root:{"bottle": 29, "time" : 704, "final_weight : 45.152708305106096"}
INFO:root:{"dispenser": red, "time" : 704, "fill_level_grams : 38.70100079853037"}
INFO:root:{"dispenser": blue, "time" : 704, "fill_level_grams : 78.98435697253592"}
INFO:root:{"dispenser": green, "time" : 704, "fill_level_grams : 79.03906536677509"}
INFO:root:{"bottle": 30, "time" : 726, "final_weight : 45.76706207684436"}
INFO:root:{"dispenser": red, "time" : 726, "fill_level_grams : 189.98735673518502"}
INFO:root:{"dispenser": blue, "time" : 726, "fill_level_grams : 59.052789030042184"}
INFO:root:{"dispenser": green, "time" : 726, "fill_level_grams : 64.02720447574976"}
INFO:root:{"bottle": 31, "time" : 748, "final_weight : 44.9722349310141"}
INFO:root:{"dispenser": red, "time" : 748, "fill_level_grams : 179.45515484327464"}
INFO:root:{"dispenser": blue, "time" : 748, "fill_level_grams : 39.178281246728716"}
INFO:root:{"dispenser": green, "time" : 748, "fill_level_grams : 48.955127930726924"}
INFO:root:{"bottle": 32, "time" : 770, "final_weight : 44.929383230569805"}
INFO:root:{"dispenser": red, "time" : 770, "fill_level_grams : 169.1224041307903"}
INFO:root:{"dispenser": blue, "time" : 770, "fill_level_grams : 179.77717006708406"}
INFO:root:{"dispenser": green, "time" : 770, "fill_level_grams : 33.63341203772883"}
INFO:root:{"bottle": 33, "time" : 792, "final_weight : 45.208866941126544"}
INFO:root:{"dispenser": red, "time" : 792, "fill_level_grams : 159.2604150090702"}
INFO:root:{"dispenser": blue, "time" : 792, "fill_level_grams : 159.49237552818343"}
INFO:root:{"dispenser": green, "time" : 792, "fill_level_grams : 18.54222180084806"}
INFO:root:{"bottle": 34, "time" : 814, "final_weight : 45.846222061707095"}
INFO:root:{"dispenser": red, "time" : 814, "fill_level_grams : 149.0240357263381"}
INFO:root:{"dispenser": blue, "time" : 814, "fill_level_grams : 139.34342105780868"}
INFO:root:{"dispenser": green, "time" : 814, "fill_level_grams : 185.24478534595752"}
INFO:root:{"bottle": 35, "time" : 836, "final_weight : 45.37275990542747"}
INFO:root:{"dispenser": red, "time" : 836, "fill_level_grams : 138.9631025973965"}
INFO:root:{"dispenser": blue, "time" : 836, "fill_level_grams : 119.41329770968468"}
INFO:root:{"dispenser": green, "time" : 836, "fill_level_grams : 170.14702160603815"}
INFO:root:{"bottle": 36, "time" : 858, "final_weight : 45.10870733201424"}
INFO:root:{"dispenser": red, "time" : 858, "fill_level_grams : 128.93230486825377"}
INFO:root:{"dispenser": blue, "time" : 858, "fill_level_grams : 99.16272363705176"}
INFO:root:{"dispenser": green, "time" : 858, "fill_level_grams : 155.59829400906884"}
INFO:root:{"bottle": 37, "time" : 880, "final_weight : 44.71523022782539"}
INFO:root:{"dispenser": red, "time" : 880, "fill_level_grams : 118.71660213131936"}
INFO:root:{"dispenser": blue, "time" : 880, "fill_level_grams : 78.82849262423096"}
INFO:root:{"dispenser": green, "time" : 880, "fill_level_grams : 141.10334248951395"}
INFO:root:{"bottle": 38, "time" : 902, "final_weight : 44.806458721129424"}
INFO:root:{"dispenser": red, "time" : 902, "fill_level_grams : 108.95464222067393"}
INFO:root:{"dispenser": blue, "time" : 902, "fill_level_grams : 59.15221884354288"}
INFO:root:{"dispenser": green, "time" : 902, "fill_level_grams : 126.12590884824122"}
INFO:root:{"bottle": 39, "time" : 924, "final_weight : 45.34246238323625"}
INFO:root:{"dispenser": red, "time" : 924, "fill_level_grams : 99.33461629560564"}
INFO:root:{"dispenser": blue, "time" : 924, "fill_level_grams : 39.735410814831404"}
INFO:root:{"dispenser": green, "time" : 924, "fill_level_grams : 111.2379902903751"}
INFO:root:{"bottle": 40, "time" : 946, "final_weight : 44.7798950754886"}
INFO:root:{"dispenser": red, "time" : 946, "fill_level_grams : 89.06884010552363"}
INFO:root:{"dispenser": blue, "time" : 946, "fill_level_grams : 179.99408089033062"}
INFO:root:{"dispenser": green, "time" : 946, "fill_level_grams : 95.3080593867895"}
INFO:root:{"bottle": 41, "time" : 968, "final_weight : 45.10869884294251"}
INFO:root:{"dispenser": red, "time" : 968, "fill_level_grams : 79.59799243340247"}
INFO:root:{"dispenser": blue, "time" : 968, "fill_level_grams : 159.68549371288518"}
INFO:root:{"dispenser": green, "time" : 968, "fill_level_grams : 79.80057075983072"}
INFO:root:{"bottle": 42, "time" : 990, "final_weight : 45.13343366169646"}
INFO:root:{"dispenser": red, "time" : 990, "fill_level_grams : 69.20048435894817"}
INFO:root:{"dispenser": blue, "time" : 990, "fill_level_grams : 139.67236785306739"}
INFO:root:{"dispenser": green, "time" : 990, "fill_level_grams : 64.38679719226549"}
INFO:root:{"dispenser": red, "time" : 0, "fill_level_grams : 190.2050792121563"}
INFO:root:{"dispenser": red, "time" : 22, "fill_level_grams : 180.06023874961934"}
INFO:root:{"dispenser": blue, "time" : 22, "fill_level_grams : 179.20206998633998"}
INFO:root:{"dispenser": red, "time" : 44, "fill_level_grams : 170.04385807184653"}
INFO:root:{"dispenser": blue, "time" : 44, "fill_level_grams : 158.88476880785734"}
INFO:root:{"dispenser": green, "time" : 44, "fill_level_grams : 184.5928259346517"}
INFO:root:{"bottle": 0, "time" : 66, "final_weight : 46.000024866852016"}
INFO:root:{"dispenser": red, "time" : 66, "fill_level_grams : 160.4840195006265"}
INFO:root:{"dispenser": blue, "time" : 66, "fill_level_grams : 138.84188034564656"}
INFO:root:{"dispenser": green, "time" : 66, "fill_level_grams : 169.23894977982135"}
INFO:root:{"bottle": 1, "time" : 88, "final_weight : 45.816017795849916"}
INFO:root:{"dispenser": red, "time" : 88, "fill_level_grams : 150.57146352663025"}
INFO:root:{"dispenser": blue, "time" : 88, "fill_level_grams : 118.73815034279167"}
INFO:root:{"dispenser": green, "time" : 88, "fill_level_grams : 153.8884712485242"}
INFO:root:{"bottle": 2, "time" : 110, "final_weight : 45.409747671280726"}
INFO:root:{"dispenser": red, "time" : 110, "fill_level_grams : 140.16344401471173"}
INFO:root:{"dispenser": blue, "time" : 110, "fill_level_grams : 98.58192841563427"}
INFO:root:{"dispenser": green, "time" : 110, "fill_level_grams : 139.29489193259647"}
INFO:root:{"bottle": 3, "time" : 132, "final_weight : 44.257147890002656"}
INFO:root:{"dispenser": red, "time" : 132, "fill_level_grams : 130.18554410620823"}
INFO:root:{"dispenser": blue, "time" : 132, "fill_level_grams : 78.93411864286323"}
INFO:root:{"dispenser": green, "time" : 132, "fill_level_grams : 123.93489107532648"}
INFO:root:{"bottle": 4, "time" : 154, "final_weight : 45.42877875842364"}
INFO:root:{"dispenser": red, "time" : 154, "fill_level_grams : 120.08742400842644"}
INFO:root:{"dispenser": blue, "time" : 154, "fill_level_grams : 58.8751812456477"}
INFO:root:{"dispenser": green, "time" : 154, "fill_level_grams : 108.67489545928923"}
INFO:root:{"bottle": 5, "time" : 176, "final_weight : 45.3158249007268"}
INFO:root:{"dispenser": red, "time" : 176, "fill_level_grams : 110.40107952290015"}
INFO:root:{"dispenser": blue, "time" : 176, "fill_level_grams : 38.78549760293214"}
INFO:root:{"dispenser": green, "time" : 176, "fill_level_grams : 93.68573419852564"}
INFO:root:{"bottle": 6, "time" : 198, "final_weight : 45.02599856648263"}
INFO:root:{"dispenser": red, "time" : 198, "fill_level_grams : 99.93240666563163"}
INFO:root:{"dispenser": blue, "time" : 198, "fill_level_grams : 180.5689599233338"}
INFO:root:{"dispenser": green, "time" : 198, "fill_level_grams : 78.44188868798697"}
INFO:root:{"bottle": 7, "time" : 220, "final_weight : 45.431649251036006"}
INFO:root:{"dispenser": red, "time" : 220, "fill_level_grams : 89.40640057675746"}
INFO:root:{"dispenser": blue, "time" : 220, "fill_level_grams : 160.39669442761843"}
INFO:root:{"dispenser": green, "time" : 220, "fill_level_grams : 63.843079255020356"}
INFO:root:{"bottle": 8, "time" : 242, "final_weight : 43.71619399515912"}
INFO:root:{"dispenser": red, "time" : 242, "fill_level_grams : 79.51976117485175"}
INFO:root:{"dispenser": blue, "time" : 242, "fill_level_grams : 140.36384456719404"}
INFO:root:{"dispenser": green, "time" : 242, "fill_level_grams : 48.69156086714153"}
INFO:root:{"bottle": 9, "time" : 264, "final_weight : 45.79245674086271"}
INFO:root:{"dispenser": red, "time" : 264, "fill_level_grams : 69.71311137405851"}
INFO:root:{"dispenser": blue, "time" : 264, "fill_level_grams : 120.02334378980869"}
INFO:root:{"dispenser": green, "time" : 264, "fill_level_grams : 33.65508988406485"}
INFO:root:{"bottle": 10, "time" : 286, "final_weight : 45.595326932375244"}
INFO:root:{"dispenser": red, "time" : 286, "fill_level_grams : 59.95977047197748"}
INFO:root:{"dispenser": blue, "time" : 286, "fill_level_grams : 99.82075668539848"}
INFO:root:{"dispenser": green, "time" : 286, "fill_level_grams : 18.2005358181815"}
INFO:root:{"bottle": 11, "time" : 308, "final_weight : 45.6816942451744"}
INFO:root:{"dispenser": red, "time" : 308, "fill_level_grams : 49.98563431779922"}
INFO:root:{"dispenser": blue, "time" : 308, "fill_level_grams : 79.71393325540491"}
INFO:root:{"dispenser": green, "time" : 308, "fill_level_grams : 185.1138226868406"}
INFO:root:{"bottle": 12, "time" : 330, "final_weight : 44.89541421836285"}
INFO:root:{"dispenser": red, "time" : 330, "fill_level_grams : 39.3790520013634"}
INFO:root:{"dispenser": blue, "time" : 330, "fill_level_grams : 59.519622691266775"}
INFO:root:{"dispenser": green, "time" : 330, "fill_level_grams : 169.71300230778684"}
INFO:root:{"bottle": 13, "time" : 352, "final_weight : 45.26098471112835"}
INFO:root:{"dispenser": red, "time" : 352, "fill_level_grams : 29.433433158792724"}
INFO:root:{"dispenser": blue, "time" : 352, "fill_level_grams : 39.515295111260144"}
INFO:root:{"dispenser": green, "time" : 352, "fill_level_grams : 154.41151105529931"}
INFO:root:{"bottle": 14, "time" : 374, "final_weight : 45.46993797080391"}
INFO:root:{"dispenser": red, "time" : 374, "fill_level_grams : 189.84234243778414"}
INFO:root:{"dispenser": blue, "time" : 374, "fill_level_grams : 179.96027393635558"}
INFO:root:{"dispenser": green, "time" : 374, "fill_level_grams : 139.85965186349208"}
INFO:root:{"bottle": 15, "time" : 396, "final_weight : 45.16276908824969"}
INFO:root:{"dispenser": red, "time" : 396, "fill_level_grams : 179.62408845971814"}
INFO:root:{"dispenser": blue, "time" : 396, "fill_level_grams : 159.99612886942586"}
INFO:root:{"dispenser": green, "time" : 396, "fill_level_grams : 124.92357134548463"}
INFO:root:{"bottle": 16, "time" : 418, "final_weight : 44.92142542422254"}
INFO:root:{"dispenser": red, "time" : 418, "fill_level_grams : 169.77084488077875"}
INFO:root:{"dispenser": blue, "time" : 418, "fill_level_grams : 140.09973165081436"}
INFO:root:{"dispenser": green, "time" : 418, "fill_level_grams : 110.24605125864889"}
INFO:root:{"bottle": 17, "time" : 440, "final_weight : 44.79932271598132"}
INFO:root:{"dispenser": red, "time" : 440, "fill_level_grams : 159.53999766924116"}
INFO:root:{"dispenser": blue, "time" : 440, "fill_level_grams : 120.1963367939377"}
INFO:root:{"dispenser": green, "time" : 440, "fill_level_grams : 96.02078997090949"}
INFO:root:{"bottle": 18, "time" : 462, "final_weight : 44.3399124844169"}
INFO:root:{"dispenser": red, "time" : 462, "fill_level_grams : 149.7706410614936"}
INFO:root:{"dispenser": blue, "time" : 462, "fill_level_grams : 100.35916429169733"}
INFO:root:{"dispenser": green, "time" : 462, "fill_level_grams : 81.09449946596771"}
INFO:root:{"bottle": 19, "time" : 484, "final_weight : 44.68292894075782"}
INFO:root:{"dispenser": red, "time" : 484, "fill_level_grams : 140.0222086755022"}
INFO:root:{"dispenser": blue, "time" : 484, "fill_level_grams : 80.15050497245335"}
INFO:root:{"dispenser": green, "time" : 484, "fill_level_grams : 65.89410732908925"}
INFO:root:{"bottle": 20, "time" : 506, "final_weight : 45.268411850656435"}
INFO:root:{"dispenser": red, "time" : 506, "fill_level_grams : 129.7523200113274"}
INFO:root:{"dispenser": blue, "time" : 506, "fill_level_grams : 60.28947567482885"}
INFO:root:{"dispenser": green, "time" : 506, "fill_level_grams : 51.42899644352757"}
INFO:root:{"bottle": 21, "time" : 528, "final_weight : 44.443126812553224"}
INFO:root:{"dispenser": red, "time" : 528, "fill_level_grams : 119.64245419166572"}
INFO:root:{"dispenser": blue, "time" : 528, "fill_level_grams : 40.70736186266653"}
INFO:root:{"dispenser": green, "time" : 528, "fill_level_grams : 36.430129239823515"}
INFO:root:{"bottle": 22, "time" : 550, "final_weight : 44.60832888731993"}
INFO:root:{"dispenser": red, "time" : 550, "fill_level_grams : 109.83586591713376"}
INFO:root:{"dispenser": blue, "time" : 550, "fill_level_grams : 20.518321344993158"}
INFO:root:{"dispenser": green, "time" : 550, "fill_level_grams : 184.89162387196393"}
INFO:root:{"bottle": 23, "time" : 572, "final_weight : 44.96037860437322"}
INFO:root:{"dispenser": red, "time" : 572, "fill_level_grams : 99.81568061803065"}
INFO:root:{"dispenser": blue, "time" : 572, "fill_level_grams : 0.5549542480484106"}
INFO:root:{"dispenser": green, "time" : 572, "fill_level_grams : 169.99566322731252"}
INFO:root:{"bottle": 24, "time" : 594, "final_weight : 45.19486698198647"}
INFO:root:{"dispenser": red, "time" : 594, "fill_level_grams : 89.26153781065675"}
INFO:root:{"dispenser": blue, "time" : 594, "fill_level_grams : 179.70899451491016"}
INFO:root:{"dispenser": green, "time" : 594, "fill_level_grams : 154.3032179446494"}
INFO:root:{"bottle": 25, "time" : 616, "final_weight : 45.46240065413985"}
INFO:root:{"dispenser": red, "time" : 616, "fill_level_grams : 79.59903971341892"}
INFO:root:{"dispenser": blue, "time" : 616, "fill_level_grams : 159.93982537058815"}
INFO:root:{"dispenser": green, "time" : 616, "fill_level_grams : 139.1661394906978"}
INFO:root:{"bottle": 26, "time" : 638, "final_weight : 45.448269238144555"}
INFO:root:{"dispenser": red, "time" : 638, "fill_level_grams : 69.8419563848626"}
INFO:root:{"dispenser": blue, "time" : 638, "fill_level_grams : 139.98009804293508"}
INFO:root:{"dispenser": green, "time" : 638, "fill_level_grams : 123.97446403043305"}
INFO:root:{"bottle": 27, "time" : 660, "final_weight : 45.51498741196065"}
INFO:root:{"dispenser": red, "time" : 660, "fill_level_grams : 59.21315357985871"}
INFO:root:{"dispenser": blue, "time" : 660, "fill_level_grams : 120.15714930877964"}
INFO:root:{"dispenser": green, "time" : 660, "fill_level_grams : 108.52846358246708"}
INFO:root:{"bottle": 28, "time" : 682, "final_weight : 45.068225872856864"}
INFO:root:{"dispenser": red, "time" : 682, "fill_level_grams : 48.90820135291346"}
INFO:root:{"dispenser": blue, "time" : 682, "fill_level_grams : 100.45781326058933"}
INFO:root:{"dispenser": green, "time" : 682, "fill_level_grams : 93.52090468879224"}
INFO:root:{"bottle": 29, "time" : 704, "final_weight : 44.587590956386606"}
INFO:root:{"dispenser": red, "time" : 704, "fill_level_grams : 39.62385167849001"}
INFO:root:{"dispenser": blue, "time" : 704, "fill_level_grams : 80.91540814777132"}
INFO:root:{"dispenser": green, "time" : 704, "fill_level_grams : 78.49121278203623"}
INFO:root:{"bottle": 30, "time" : 726, "final_weight : 45.35783075995021"}
INFO:root:{"dispenser": red, "time" : 726, "fill_level_grams : 189.7996942015663"}
INFO:root:{"dispenser": blue, "time" : 726, "fill_level_grams : 60.39389287778491"}
INFO:root:{"dispenser": green, "time" : 726, "fill_level_grams : 63.558417806754946"}
INFO:root:{"bottle": 31, "time" : 748, "final_weight : 44.78015231504455"}
INFO:root:{"dispenser": red, "time" : 748, "fill_level_grams : 179.6831298286068"}
INFO:root:{"dispenser": blue, "time" : 748, "fill_level_grams : 40.515754188437896"}
INFO:root:{"dispenser": green, "time" : 748, "fill_level_grams : 48.481140847976825"}
INFO:root:{"bottle": 32, "time" : 770, "final_weight : 44.883141903187976"}
INFO:root:{"dispenser": red, "time" : 770, "fill_level_grams : 169.4661820049412"}
INFO:root:{"dispenser": blue, "time" : 770, "fill_level_grams : 21.01603893890701"}
INFO:root:{"dispenser": green, "time" : 770, "fill_level_grams : 33.24883315499891"}
INFO:root:{"bottle": 33, "time" : 792, "final_weight : 45.31075218075861"}
INFO:root:{"dispenser": red, "time" : 792, "fill_level_grams : 159.35470643957194"}
INFO:root:{"dispenser": blue, "time" : 792, "fill_level_grams : 179.9099073972959"}
INFO:root:{"dispenser": green, "time" : 792, "fill_level_grams : 18.184396468140584"}
INFO:root:{"bottle": 34, "time" : 814, "final_weight : 44.68071630934869"}
INFO:root:{"dispenser": red, "time" : 814, "fill_level_grams : 150.23881739181016"}
INFO:root:{"dispenser": blue, "time" : 814, "fill_level_grams : 159.87624358687867"}
INFO:root:{"dispenser": green, "time" : 814, "fill_level_grams : 184.86777779240606"}
INFO:root:{"bottle": 35, "time" : 836, "final_weight : 45.43926263396364"}
INFO:root:{"dispenser": red, "time" : 836, "fill_level_grams : 140.10653288785093"}
INFO:root:{"dispenser": blue, "time" : 836, "fill_level_grams : 139.5070069124297"}
INFO:root:{"dispenser": green, "time" : 836, "fill_level_grams : 170.17377524341245"}
INFO:root:{"bottle": 36, "time" : 858, "final_weight : 44.83914192478011"}
INFO:root:{"dispenser": red, "time" : 858, "fill_level_grams : 129.95838382162577"}
INFO:root:{"dispenser": blue, "time" : 858, "fill_level_grams : 119.2393411318424"}
INFO:root:{"dispenser": green, "time" : 858, "fill_level_grams : 154.99862306446266"}
INFO:root:{"bottle": 37, "time" : 880, "final_weight : 44.66027790116055"}
INFO:root:{"dispenser": red, "time" : 880, "fill_level_grams : 119.49108810157131"}
INFO:root:{"dispenser": blue, "time" : 880, "fill_level_grams : 99.36241062537911"}
INFO:root:{"dispenser": green, "time" : 880, "fill_level_grams : 140.2503184552133"}
INFO:root:{"bottle": 38, "time" : 902, "final_weight : 45.14825489379591"}
INFO:root:{"dispenser": red, "time" : 902, "fill_level_grams : 109.51506608124467"}
INFO:root:{"dispenser": blue, "time" : 902, "fill_level_grams : 79.07247667747524"}
INFO:root:{"dispenser": green, "time" : 902, "fill_level_grams : 125.37376575047828"}
INFO:root:{"bottle": 39, "time" : 924, "final_weight : 44.90163227742346"}
INFO:root:{"dispenser": red, "time" : 924, "fill_level_grams : 99.624651302326"}
INFO:root:{"dispenser": blue, "time" : 924, "fill_level_grams : 58.490662133872675"}
INFO:root:{"dispenser": green, "time" : 924, "fill_level_grams : 110.2911346579887"}
INFO:root:{"bottle": 40, "time" : 946, "final_weight : 45.83986076044792"}
INFO:root:{"dispenser": red, "time" : 946, "fill_level_grams : 89.68650720471516"}
INFO:root:{"dispenser": blue, "time" : 946, "fill_level_grams : 38.309364836935245"}
INFO:root:{"dispenser": green, "time" : 946, "fill_level_grams : 95.10008896118065"}
INFO:root:{"bottle": 41, "time" : 968, "final_weight : 45.74888226073727"}
INFO:root:{"dispenser": red, "time" : 968, "fill_level_grams : 79.34501628982417"}
INFO:root:{"dispenser": blue, "time" : 968, "fill_level_grams : 18.24327253539034"}
INFO:root:{"dispenser": green, "time" : 968, "fill_level_grams : 79.60993541893424"}
INFO:root:{"bottle": 42, "time" : 990, "final_weight : 45.5618656181025"}
INFO:root:{"dispenser": red, "time" : 990, "fill_level_grams : 69.42522732441748"}
INFO:root:{"dispenser": blue, "time" : 990, "fill_level_grams : 180.40416577788136"}
INFO:root:{"dispenser": green, "time" : 990, "fill_level_grams : 64.49778203404233"}
